[debug] [2020-07-16T06:40:10.458Z] ----------------------------------------------------------------------
[debug] [2020-07-16T06:40:10.462Z] Command:       C:\Program Files\nodejs\node.exe C:\Users\nEW u\AppData\Roaming\npm\node_modules\firebase-tools\lib\bin\firebase.js deploy
[debug] [2020-07-16T06:40:10.462Z] CLI Version:   8.6.0
[debug] [2020-07-16T06:40:10.462Z] Platform:      win32
[debug] [2020-07-16T06:40:10.462Z] Node Version:  v12.15.0
[debug] [2020-07-16T06:40:10.464Z] Time:          Thu Jul 16 2020 12:10:10 GMT+0530 (India Standard Time)
[debug] [2020-07-16T06:40:10.464Z] ----------------------------------------------------------------------
[debug] [2020-07-16T06:40:10.464Z] 
[debug] [2020-07-16T06:40:10.475Z] > command requires scopes: ["email","openid","https://www.googleapis.com/auth/cloudplatformprojects.readonly","https://www.googleapis.com/auth/firebase","https://www.googleapis.com/auth/cloud-platform"]
[debug] [2020-07-16T06:40:10.476Z] > authorizing via signed-in user
[debug] [2020-07-16T06:40:10.477Z] [iam] checking project firstproject-17c37 for permissions ["firebase.projects.get","firebasedatabase.instances.update","firebasehosting.sites.update"]
[debug] [2020-07-16T06:40:10.481Z] >>> HTTP REQUEST POST https://cloudresourcemanager.googleapis.com/v1/projects/firstproject-17c37:testIamPermissions  
 {"permissions":["firebase.projects.get","firebasedatabase.instances.update","firebasehosting.sites.update"]}
[debug] [2020-07-16T06:40:13.428Z] <<< HTTP RESPONSE 200 {"content-type":"application/json; charset=UTF-8","vary":"X-Origin, Referer, Origin,Accept-Encoding","date":"Thu, 16 Jul 2020 06:40:15 GMT","server":"ESF","cache-control":"private","x-xss-protection":"0","x-frame-options":"SAMEORIGIN","x-content-type-options":"nosniff","server-timing":"gfet4t7; dur=1311","alt-svc":"h3-29=\":443\"; ma=2592000,h3-27=\":443\"; ma=2592000,h3-25=\":443\"; ma=2592000,h3-T050=\":443\"; ma=2592000,h3-Q050=\":443\"; ma=2592000,h3-Q046=\":443\"; ma=2592000,h3-Q043=\":443\"; ma=2592000,quic=\":443\"; ma=2592000; v=\"46,43\"","accept-ranges":"none","transfer-encoding":"chunked"}
[debug] [2020-07-16T06:40:13.439Z] >>> HTTP REQUEST GET https://firebase.googleapis.com/v1beta1/projects/firstproject-17c37  
 
[debug] [2020-07-16T06:40:14.128Z] <<< HTTP RESPONSE 200 {"content-type":"application/json; charset=UTF-8","vary":"X-Origin, Referer, Origin,Accept-Encoding","date":"Thu, 16 Jul 2020 06:40:16 GMT","server":"ESF","cache-control":"private","x-xss-protection":"0","x-frame-options":"SAMEORIGIN","x-content-type-options":"nosniff","alt-svc":"h3-29=\":443\"; ma=2592000,h3-27=\":443\"; ma=2592000,h3-25=\":443\"; ma=2592000,h3-T050=\":443\"; ma=2592000,h3-Q050=\":443\"; ma=2592000,h3-Q046=\":443\"; ma=2592000,h3-Q043=\":443\"; ma=2592000,quic=\":443\"; ma=2592000; v=\"46,43\"","accept-ranges":"none","transfer-encoding":"chunked"}
[info] 
[info] === Deploying to 'firstproject-17c37'...
[info] 
[info] i  deploying database, hosting 
[info] i  database: checking rules syntax... 
[debug] [2020-07-16T06:40:14.162Z] >>> HTTP REQUEST PUT https://firstproject-17c37.firebaseio.com/.settings/rules.json?dryRun=true  
 {
  /* Visit https://firebase.google.com/docs/database/security to learn more about security rules. */
  "rules": {
    ".read": false,
    ".write": false
  }
}
[debug] [2020-07-16T06:40:15.833Z] <<< HTTP RESPONSE 404 {"server":"nginx","date":"Thu, 16 Jul 2020 06:40:18 GMT","content-type":"application/json; charset=utf-8","content-length":"101","connection":"keep-alive","access-control-allow-origin":"*","cache-control":"no-cache","strict-transport-security":"max-age=31556926; includeSubDomains; preload"}
[debug] [2020-07-16T06:40:15.833Z] <<< HTTP RESPONSE BODY {
  "error" : "Firebase error. Please ensure that you spelled the name of your Firebase correctly"
}

[error] 
[error] Error: Unexpected error while deploying database rules.
